<?xml version="1.0" encoding="UTF-8"?>
<testng-results ignored="0" total="1" passed="1" failed="0" skipped="0">
  <reporter-output>
  </reporter-output>
  <suite started-at="2020-06-03T14:12:41 GMT" name="Default suite" finished-at="2020-06-03T14:12:55 GMT" duration-ms="14175">
    <groups>
    </groups>
    <test started-at="2020-06-03T14:12:41 GMT" name="Default test" finished-at="2020-06-03T14:12:55 GMT" duration-ms="14175">
      <class name="testNG.test">
        <test-method is-config="true" signature="beforeMethod()[pri:0, instance:testNG.test@71c8becc]" started-at="2020-06-03T14:12:41 GMT" name="beforeMethod" finished-at="2020-06-03T14:12:53 GMT" duration-ms="11781" status="PASS">
          <reporter-output>
          </reporter-output>
        </test-method> <!-- beforeMethod -->
        <test-method signature="verify()[pri:0, instance:testNG.test@71c8becc]" started-at="2020-06-03T14:12:53 GMT" name="verify" finished-at="2020-06-03T14:12:55 GMT" duration-ms="2342" status="PASS">
          <reporter-output>
          </reporter-output>
        </test-method> <!-- verify -->
        <test-method is-config="true" signature="afterMethod()[pri:0, instance:testNG.test@71c8becc]" started-at="2020-06-03T14:12:55 GMT" name="afterMethod" finished-at="2020-06-03T14:12:55 GMT" duration-ms="0" status="PASS">
          <reporter-output>
          </reporter-output>
        </test-method> <!-- afterMethod -->
      </class> <!-- testNG.test -->
    </test> <!-- Default test -->
  </suite> <!-- Default suite -->
</testng-results>
