<?xml version="1.0" encoding="UTF-8"?>
<!-- Generated by org.testng.reporters.JUnitXMLReporter -->
<testsuite ignored="0" hostname="windows" failures="2" tests="4" name="test" time="64.885" errors="0" timestamp="2020-06-02T17:03:58 GMT">
  <testcase classname="testNG.NewTest" name="verify" time="16.091"/>
  <testcase classname="testNG.NewTest" name="verify1" time="20.647">
    <failure type="java.lang.AssertionError" message="expected [kush] but found [Log in | Website.com]">
      <![CDATA[java.lang.AssertionError: expected [kush] but found [Log in | Website.com]
at testNG.NewTest.verify1(NewTest.java:33)
at java.base/java.util.ArrayList.forEach(ArrayList.java:1507)
... Removed 32 stack frames]]>
    </failure>
  </testcase> <!-- verify1 -->
  <testcase classname="testNG.NewTest1" name="verify" time="0.02"/>
  <testcase classname="testNG.NewTest1" name="verify1" time="0.024">
    <failure type="java.lang.AssertionError" message="expected [kush] but found [Log in | Website.com]">
      <![CDATA[java.lang.AssertionError: expected [kush] but found [Log in | Website.com]
at testNG.NewTest1.verify1(NewTest1.java:38)
at java.base/java.util.ArrayList.forEach(ArrayList.java:1507)
... Removed 32 stack frames]]>
    </failure>
  </testcase> <!-- verify1 -->
</testsuite> <!-- test -->
